<?xml version="1.0" encoding="UTF-8"?>
<testng-results ignored="0" total="3" passed="3" failed="0" skipped="0">
  <reporter-output>
  </reporter-output>
  <suite started-at="2021-11-18T20:48:37 IST" name="Suite" finished-at="2021-11-18T20:48:37 IST" duration-ms="28">
    <groups>
    </groups>
    <test started-at="2021-11-18T20:48:37 IST" name="Test" finished-at="2021-11-18T20:48:37 IST" duration-ms="28">
      <class name="TestNG_Practice.DemoClass">
        <test-method is-config="true" signature="beforeSuite()[pri:0, instance:TestNG_Practice.DemoClass@33990a0c]" started-at="2021-11-18T20:48:37 IST" name="beforeSuite" finished-at="2021-11-18T20:48:37 IST" duration-ms="5" status="PASS">
          <reporter-output>
          </reporter-output>
        </test-method> <!-- beforeSuite -->
        <test-method is-config="true" signature="beforeTest()[pri:0, instance:TestNG_Practice.DemoClass@33990a0c]" started-at="2021-11-18T20:48:37 IST" name="beforeTest" finished-at="2021-11-18T20:48:37 IST" duration-ms="1" status="PASS">
          <reporter-output>
          </reporter-output>
        </test-method> <!-- beforeTest -->
        <test-method is-config="true" signature="beforeClass()[pri:0, instance:TestNG_Practice.DemoClass@33990a0c]" started-at="2021-11-18T20:48:37 IST" name="beforeClass" finished-at="2021-11-18T20:48:37 IST" duration-ms="0" status="PASS">
          <reporter-output>
          </reporter-output>
        </test-method> <!-- beforeClass -->
        <test-method is-config="true" signature="beforeMethod()[pri:0, instance:TestNG_Practice.DemoClass@33990a0c]" started-at="2021-11-18T20:48:37 IST" name="beforeMethod" finished-at="2021-11-18T20:48:37 IST" duration-ms="0" status="PASS">
          <reporter-output>
          </reporter-output>
        </test-method> <!-- beforeMethod -->
        <test-method signature="f()[pri:0, instance:TestNG_Practice.DemoClass@33990a0c]" started-at="2021-11-18T20:48:37 IST" name="f" finished-at="2021-11-18T20:48:37 IST" duration-ms="3" status="PASS">
          <reporter-output>
          </reporter-output>
        </test-method> <!-- f -->
        <test-method is-config="true" signature="afterMethod()[pri:0, instance:TestNG_Practice.DemoClass@33990a0c]" started-at="2021-11-18T20:48:37 IST" name="afterMethod" finished-at="2021-11-18T20:48:37 IST" duration-ms="0" status="PASS">
          <reporter-output>
          </reporter-output>
        </test-method> <!-- afterMethod -->
        <test-method is-config="true" signature="beforeMethod()[pri:0, instance:TestNG_Practice.DemoClass@33990a0c]" started-at="2021-11-18T20:48:37 IST" name="beforeMethod" finished-at="2021-11-18T20:48:37 IST" duration-ms="0" status="PASS">
          <reporter-output>
          </reporter-output>
        </test-method> <!-- beforeMethod -->
        <test-method signature="f1()[pri:0, instance:TestNG_Practice.DemoClass@33990a0c]" started-at="2021-11-18T20:48:37 IST" name="f1" finished-at="2021-11-18T20:48:37 IST" duration-ms="0" status="PASS">
          <reporter-output>
          </reporter-output>
        </test-method> <!-- f1 -->
        <test-method signature="f2()[pri:0, instance:TestNG_Practice.DemoClass@33990a0c]" started-at="2021-11-18T20:48:37 IST" name="f2" finished-at="2021-11-18T20:48:37 IST" duration-ms="1" status="PASS">
          <reporter-output>
          </reporter-output>
        </test-method> <!-- f2 -->
        <test-method is-config="true" signature="beforeMethod()[pri:0, instance:TestNG_Practice.DemoClass@33990a0c]" started-at="2021-11-18T20:48:37 IST" name="beforeMethod" finished-at="2021-11-18T20:48:37 IST" duration-ms="0" status="PASS">
          <reporter-output>
          </reporter-output>
        </test-method> <!-- beforeMethod -->
        <test-method is-config="true" signature="afterMethod()[pri:0, instance:TestNG_Practice.DemoClass@33990a0c]" started-at="2021-11-18T20:48:37 IST" name="afterMethod" finished-at="2021-11-18T20:48:37 IST" duration-ms="0" status="PASS">
          <reporter-output>
          </reporter-output>
        </test-method> <!-- afterMethod -->
        <test-method is-config="true" signature="afterMethod()[pri:0, instance:TestNG_Practice.DemoClass@33990a0c]" started-at="2021-11-18T20:48:37 IST" name="afterMethod" finished-at="2021-11-18T20:48:37 IST" duration-ms="0" status="PASS">
          <reporter-output>
          </reporter-output>
        </test-method> <!-- afterMethod -->
        <test-method is-config="true" signature="afterClass()[pri:0, instance:TestNG_Practice.DemoClass@33990a0c]" started-at="2021-11-18T20:48:37 IST" name="afterClass" finished-at="2021-11-18T20:48:37 IST" duration-ms="0" status="PASS">
          <reporter-output>
          </reporter-output>
        </test-method> <!-- afterClass -->
        <test-method is-config="true" signature="afterTest()[pri:0, instance:TestNG_Practice.DemoClass@33990a0c]" started-at="2021-11-18T20:48:37 IST" name="afterTest" finished-at="2021-11-18T20:48:37 IST" duration-ms="0" status="PASS">
          <reporter-output>
          </reporter-output>
        </test-method> <!-- afterTest -->
        <test-method is-config="true" signature="afterSuite()[pri:0, instance:TestNG_Practice.DemoClass@33990a0c]" started-at="2021-11-18T20:48:37 IST" name="afterSuite" finished-at="2021-11-18T20:48:37 IST" duration-ms="0" status="PASS">
          <reporter-output>
          </reporter-output>
        </test-method> <!-- afterSuite -->
      </class> <!-- TestNG_Practice.DemoClass -->
    </test> <!-- Test -->
  </suite> <!-- Suite -->
</testng-results>
