<?xml version="1.0" encoding="UTF-8"?>
<!-- Generated by org.testng.reporters.JUnitXMLReporter -->
<testsuite ignored="2" hostname="LAPTOP-IGK2Q2EI" failures="0" tests="1" name="DemoSuiteTest" time="0.003" errors="0" timestamp="2021-10-18T21:24:01 IST">
  <testcase classname="TestNG_Practice.DemoSuite" name="f12" time="0.001"/>
  <testcase classname="TestNG_Practice.DemoSuite" name="f" time="0.0">
    <ignored/>
  </testcase> <!-- f -->
  <testcase classname="TestNG_Practice.DemoSuite" name="f11" time="0.0">
    <ignored/>
  </testcase> <!-- f11 -->
</testsuite> <!-- DemoSuiteTest -->
